<?xml version="1.0" encoding="UTF-8"?>
<testsuite xmlns:xsi="http://www.w3.org/2001/XMLSchema-instance" xsi:noNamespaceSchemaLocation="https://maven.apache.org/surefire/maven-surefire-plugin/xsd/surefire-test-report-3.0.xsd" version="3.0" name="ApiTest" time="0.385" tests="0" errors="0" skipped="0" failures="0">
  <properties>
    <property name="java.specification.version" value="17"/>
    <property name="sun.jnu.encoding" value="UTF-8"/>
    <property name="java.class.path" value="/home/shivani.k/eclipse-workspace/testProject/target/test-classes:/home/shivani.k/eclipse-workspace/testProject/target/classes:/home/shivani.k/.m2/repository/io/rest-assured/rest-assured/3.1.1/rest-assured-3.1.1.jar:/home/shivani.k/.m2/repository/org/codehaus/groovy/groovy/2.4.12/groovy-2.4.12.jar:/home/shivani.k/.m2/repository/org/codehaus/groovy/groovy-xml/2.4.12/groovy-xml-2.4.12.jar:/home/shivani.k/.m2/repository/org/apache/httpcomponents/httpclient/4.5.3/httpclient-4.5.3.jar:/home/shivani.k/.m2/repository/org/apache/httpcomponents/httpcore/4.4.6/httpcore-4.4.6.jar:/home/shivani.k/.m2/repository/commons-logging/commons-logging/1.2/commons-logging-1.2.jar:/home/shivani.k/.m2/repository/commons-codec/commons-codec/1.9/commons-codec-1.9.jar:/home/shivani.k/.m2/repository/org/apache/httpcomponents/httpmime/4.5.1/httpmime-4.5.1.jar:/home/shivani.k/.m2/repository/org/hamcrest/hamcrest-core/1.3/hamcrest-core-1.3.jar:/home/shivani.k/.m2/repository/org/hamcrest/hamcrest-library/1.3/hamcrest-library-1.3.jar:/home/shivani.k/.m2/repository/org/ccil/cowan/tagsoup/tagsoup/1.2.1/tagsoup-1.2.1.jar:/home/shivani.k/.m2/repository/io/rest-assured/json-path/3.1.1/json-path-3.1.1.jar:/home/shivani.k/.m2/repository/org/codehaus/groovy/groovy-json/2.4.12/groovy-json-2.4.12.jar:/home/shivani.k/.m2/repository/io/rest-assured/rest-assured-common/3.1.1/rest-assured-common-3.1.1.jar:/home/shivani.k/.m2/repository/io/rest-assured/xml-path/3.1.1/xml-path-3.1.1.jar:/home/shivani.k/.m2/repository/org/apache/commons/commons-lang3/3.4/commons-lang3-3.4.jar:/home/shivani.k/.m2/repository/javax/xml/bind/jaxb-api/2.2.12/jaxb-api-2.2.12.jar:/home/shivani.k/.m2/repository/io/rest-assured/json-schema-validator/3.1.1/json-schema-validator-3.1.1.jar:/home/shivani.k/.m2/repository/com/github/fge/json-schema-validator/2.2.6/json-schema-validator-2.2.6.jar:/home/shivani.k/.m2/repository/com/google/code/findbugs/jsr305/3.0.0/jsr305-3.0.0.jar:/home/shivani.k/.m2/repository/joda-time/joda-time/2.3/joda-time-2.3.jar:/home/shivani.k/.m2/repository/com/googlecode/libphonenumber/libphonenumber/6.2/libphonenumber-6.2.jar:/home/shivani.k/.m2/repository/com/github/fge/json-schema-core/1.2.5/json-schema-core-1.2.5.jar:/home/shivani.k/.m2/repository/com/github/fge/uri-template/0.9/uri-template-0.9.jar:/home/shivani.k/.m2/repository/com/github/fge/msg-simple/1.1/msg-simple-1.1.jar:/home/shivani.k/.m2/repository/com/github/fge/btf/1.2/btf-1.2.jar:/home/shivani.k/.m2/repository/com/google/guava/guava/16.0.1/guava-16.0.1.jar:/home/shivani.k/.m2/repository/com/github/fge/jackson-coreutils/1.8/jackson-coreutils-1.8.jar:/home/shivani.k/.m2/repository/com/fasterxml/jackson/core/jackson-databind/2.2.3/jackson-databind-2.2.3.jar:/home/shivani.k/.m2/repository/com/fasterxml/jackson/core/jackson-annotations/2.2.3/jackson-annotations-2.2.3.jar:/home/shivani.k/.m2/repository/com/fasterxml/jackson/core/jackson-core/2.2.3/jackson-core-2.2.3.jar:/home/shivani.k/.m2/repository/org/mozilla/rhino/1.7R4/rhino-1.7R4.jar:/home/shivani.k/.m2/repository/javax/mail/mailapi/1.4.3/mailapi-1.4.3.jar:/home/shivani.k/.m2/repository/javax/activation/activation/1.1/activation-1.1.jar:/home/shivani.k/.m2/repository/net/sf/jopt-simple/jopt-simple/4.6/jopt-simple-4.6.jar:/home/shivani.k/.m2/repository/io/rest-assured/spring-mock-mvc/3.1.1/spring-mock-mvc-3.1.1.jar:/home/shivani.k/.m2/repository/org/springframework/spring-test/4.2.6.RELEASE/spring-test-4.2.6.RELEASE.jar:/home/shivani.k/.m2/repository/org/springframework/spring-core/4.2.6.RELEASE/spring-core-4.2.6.RELEASE.jar:/home/shivani.k/.m2/repository/org/springframework/spring-webmvc/4.2.6.RELEASE/spring-webmvc-4.2.6.RELEASE.jar:/home/shivani.k/.m2/repository/org/springframework/spring-beans/4.2.6.RELEASE/spring-beans-4.2.6.RELEASE.jar:/home/shivani.k/.m2/repository/org/springframework/spring-context/4.2.6.RELEASE/spring-context-4.2.6.RELEASE.jar:/home/shivani.k/.m2/repository/org/springframework/spring-aop/4.2.6.RELEASE/spring-aop-4.2.6.RELEASE.jar:/home/shivani.k/.m2/repository/aopalliance/aopalliance/1.0/aopalliance-1.0.jar:/home/shivani.k/.m2/repository/org/springframework/spring-expression/4.2.6.RELEASE/spring-expression-4.2.6.RELEASE.jar:/home/shivani.k/.m2/repository/org/springframework/spring-web/4.2.6.RELEASE/spring-web-4.2.6.RELEASE.jar:/home/shivani.k/.m2/repository/io/rest-assured/scala-support/3.1.1/scala-support-3.1.1.jar:/home/shivani.k/.m2/repository/org/scala-lang/scala-library/2.11.12/scala-library-2.11.12.jar:/home/shivani.k/.m2/repository/org/testng/testng/7.8.0/testng-7.8.0.jar:/home/shivani.k/.m2/repository/org/slf4j/slf4j-api/1.7.36/slf4j-api-1.7.36.jar:/home/shivani.k/.m2/repository/com/beust/jcommander/1.82/jcommander-1.82.jar:/home/shivani.k/.m2/repository/org/webjars/jquery/3.6.1/jquery-3.6.1.jar:"/>
    <property name="java.vm.vendor" value="Oracle Corporation"/>
    <property name="sun.arch.data.model" value="64"/>
    <property name="java.vendor.url" value="https://java.oracle.com/"/>
    <property name="user.timezone" value="Asia/Kolkata"/>
    <property name="os.name" value="Linux"/>
    <property name="java.vm.specification.version" value="17"/>
    <property name="sun.java.launcher" value="SUN_STANDARD"/>
    <property name="user.country" value="IN"/>
    <property name="sun.boot.library.path" value="/usr/lib/jvm/jdk-17-oracle-x64/lib"/>
    <property name="sun.java.command" value="/home/shivani.k/eclipse-workspace/testProject/target/surefire/surefirebooter-20240620132514630_3.jar /home/shivani.k/eclipse-workspace/testProject/target/surefire 2024-06-20T13-25-14_492-jvmRun1 surefire-20240620132514630_1tmp surefire_0-20240620132514630_2tmp"/>
    <property name="jdk.debug" value="release"/>
    <property name="surefire.test.class.path" value="/home/shivani.k/eclipse-workspace/testProject/target/test-classes:/home/shivani.k/eclipse-workspace/testProject/target/classes:/home/shivani.k/.m2/repository/io/rest-assured/rest-assured/3.1.1/rest-assured-3.1.1.jar:/home/shivani.k/.m2/repository/org/codehaus/groovy/groovy/2.4.12/groovy-2.4.12.jar:/home/shivani.k/.m2/repository/org/codehaus/groovy/groovy-xml/2.4.12/groovy-xml-2.4.12.jar:/home/shivani.k/.m2/repository/org/apache/httpcomponents/httpclient/4.5.3/httpclient-4.5.3.jar:/home/shivani.k/.m2/repository/org/apache/httpcomponents/httpcore/4.4.6/httpcore-4.4.6.jar:/home/shivani.k/.m2/repository/commons-logging/commons-logging/1.2/commons-logging-1.2.jar:/home/shivani.k/.m2/repository/commons-codec/commons-codec/1.9/commons-codec-1.9.jar:/home/shivani.k/.m2/repository/org/apache/httpcomponents/httpmime/4.5.1/httpmime-4.5.1.jar:/home/shivani.k/.m2/repository/org/hamcrest/hamcrest-core/1.3/hamcrest-core-1.3.jar:/home/shivani.k/.m2/repository/org/hamcrest/hamcrest-library/1.3/hamcrest-library-1.3.jar:/home/shivani.k/.m2/repository/org/ccil/cowan/tagsoup/tagsoup/1.2.1/tagsoup-1.2.1.jar:/home/shivani.k/.m2/repository/io/rest-assured/json-path/3.1.1/json-path-3.1.1.jar:/home/shivani.k/.m2/repository/org/codehaus/groovy/groovy-json/2.4.12/groovy-json-2.4.12.jar:/home/shivani.k/.m2/repository/io/rest-assured/rest-assured-common/3.1.1/rest-assured-common-3.1.1.jar:/home/shivani.k/.m2/repository/io/rest-assured/xml-path/3.1.1/xml-path-3.1.1.jar:/home/shivani.k/.m2/repository/org/apache/commons/commons-lang3/3.4/commons-lang3-3.4.jar:/home/shivani.k/.m2/repository/javax/xml/bind/jaxb-api/2.2.12/jaxb-api-2.2.12.jar:/home/shivani.k/.m2/repository/io/rest-assured/json-schema-validator/3.1.1/json-schema-validator-3.1.1.jar:/home/shivani.k/.m2/repository/com/github/fge/json-schema-validator/2.2.6/json-schema-validator-2.2.6.jar:/home/shivani.k/.m2/repository/com/google/code/findbugs/jsr305/3.0.0/jsr305-3.0.0.jar:/home/shivani.k/.m2/repository/joda-time/joda-time/2.3/joda-time-2.3.jar:/home/shivani.k/.m2/repository/com/googlecode/libphonenumber/libphonenumber/6.2/libphonenumber-6.2.jar:/home/shivani.k/.m2/repository/com/github/fge/json-schema-core/1.2.5/json-schema-core-1.2.5.jar:/home/shivani.k/.m2/repository/com/github/fge/uri-template/0.9/uri-template-0.9.jar:/home/shivani.k/.m2/repository/com/github/fge/msg-simple/1.1/msg-simple-1.1.jar:/home/shivani.k/.m2/repository/com/github/fge/btf/1.2/btf-1.2.jar:/home/shivani.k/.m2/repository/com/google/guava/guava/16.0.1/guava-16.0.1.jar:/home/shivani.k/.m2/repository/com/github/fge/jackson-coreutils/1.8/jackson-coreutils-1.8.jar:/home/shivani.k/.m2/repository/com/fasterxml/jackson/core/jackson-databind/2.2.3/jackson-databind-2.2.3.jar:/home/shivani.k/.m2/repository/com/fasterxml/jackson/core/jackson-annotations/2.2.3/jackson-annotations-2.2.3.jar:/home/shivani.k/.m2/repository/com/fasterxml/jackson/core/jackson-core/2.2.3/jackson-core-2.2.3.jar:/home/shivani.k/.m2/repository/org/mozilla/rhino/1.7R4/rhino-1.7R4.jar:/home/shivani.k/.m2/repository/javax/mail/mailapi/1.4.3/mailapi-1.4.3.jar:/home/shivani.k/.m2/repository/javax/activation/activation/1.1/activation-1.1.jar:/home/shivani.k/.m2/repository/net/sf/jopt-simple/jopt-simple/4.6/jopt-simple-4.6.jar:/home/shivani.k/.m2/repository/io/rest-assured/spring-mock-mvc/3.1.1/spring-mock-mvc-3.1.1.jar:/home/shivani.k/.m2/repository/org/springframework/spring-test/4.2.6.RELEASE/spring-test-4.2.6.RELEASE.jar:/home/shivani.k/.m2/repository/org/springframework/spring-core/4.2.6.RELEASE/spring-core-4.2.6.RELEASE.jar:/home/shivani.k/.m2/repository/org/springframework/spring-webmvc/4.2.6.RELEASE/spring-webmvc-4.2.6.RELEASE.jar:/home/shivani.k/.m2/repository/org/springframework/spring-beans/4.2.6.RELEASE/spring-beans-4.2.6.RELEASE.jar:/home/shivani.k/.m2/repository/org/springframework/spring-context/4.2.6.RELEASE/spring-context-4.2.6.RELEASE.jar:/home/shivani.k/.m2/repository/org/springframework/spring-aop/4.2.6.RELEASE/spring-aop-4.2.6.RELEASE.jar:/home/shivani.k/.m2/repository/aopalliance/aopalliance/1.0/aopalliance-1.0.jar:/home/shivani.k/.m2/repository/org/springframework/spring-expression/4.2.6.RELEASE/spring-expression-4.2.6.RELEASE.jar:/home/shivani.k/.m2/repository/org/springframework/spring-web/4.2.6.RELEASE/spring-web-4.2.6.RELEASE.jar:/home/shivani.k/.m2/repository/io/rest-assured/scala-support/3.1.1/scala-support-3.1.1.jar:/home/shivani.k/.m2/repository/org/scala-lang/scala-library/2.11.12/scala-library-2.11.12.jar:/home/shivani.k/.m2/repository/org/testng/testng/7.8.0/testng-7.8.0.jar:/home/shivani.k/.m2/repository/org/slf4j/slf4j-api/1.7.36/slf4j-api-1.7.36.jar:/home/shivani.k/.m2/repository/com/beust/jcommander/1.82/jcommander-1.82.jar:/home/shivani.k/.m2/repository/org/webjars/jquery/3.6.1/jquery-3.6.1.jar:"/>
    <property name="sun.cpu.endian" value="little"/>
    <property name="user.home" value="/home/shivani.k"/>
    <property name="user.language" value="en"/>
    <property name="java.specification.vendor" value="Oracle Corporation"/>
    <property name="java.version.date" value="2023-10-17"/>
    <property name="java.home" value="/usr/lib/jvm/jdk-17-oracle-x64"/>
    <property name="file.separator" value="/"/>
    <property name="basedir" value="/home/shivani.k/eclipse-workspace/testProject"/>
    <property name="java.vm.compressedOopsMode" value="Zero based"/>
    <property name="line.separator" value="&#10;"/>
    <property name="java.vm.specification.vendor" value="Oracle Corporation"/>
    <property name="java.specification.name" value="Java Platform API Specification"/>
    <property name="surefire.real.class.path" value="/home/shivani.k/eclipse-workspace/testProject/target/surefire/surefirebooter-20240620132514630_3.jar"/>
    <property name="sun.management.compiler" value="HotSpot 64-Bit Tiered Compilers"/>
    <property name="java.runtime.version" value="17.0.9+11-LTS-201"/>
    <property name="user.name" value="shivani.k"/>
    <property name="path.separator" value=":"/>
    <property name="os.version" value="5.15.0-107-generic"/>
    <property name="java.runtime.name" value="Java(TM) SE Runtime Environment"/>
    <property name="file.encoding" value="UTF-8"/>
    <property name="java.vm.name" value="Java HotSpot(TM) 64-Bit Server VM"/>
    <property name="localRepository" value="/home/shivani.k/.m2/repository"/>
    <property name="java.vendor.url.bug" value="https://bugreport.java.com/bugreport/"/>
    <property name="java.io.tmpdir" value="/tmp"/>
    <property name="idea.version" value="2024.1.2"/>
    <property name="java.version" value="17.0.9"/>
    <property name="user.dir" value="/home/shivani.k/eclipse-workspace/testProject"/>
    <property name="os.arch" value="amd64"/>
    <property name="java.vm.specification.name" value="Java Virtual Machine Specification"/>
    <property name="native.encoding" value="UTF-8"/>
    <property name="java.library.path" value="/usr/java/packages/lib:/usr/lib64:/lib64:/lib:/usr/lib"/>
    <property name="java.vm.info" value="mixed mode, sharing"/>
    <property name="java.vendor" value="Oracle Corporation"/>
    <property name="java.vm.version" value="17.0.9+11-LTS-201"/>
    <property name="sun.io.unicode.encoding" value="UnicodeLittle"/>
    <property name="java.class.version" value="61.0"/>
  </properties>
</testsuite>